e:\exercices prog\c++\simpleengine\simpleengine\x64\debug\vc143.pdb
e:\exercices prog\c++\simpleengine\simpleengine\x64\debug\vc143.idb
e:\exercices prog\c++\simpleengine\simpleengine\x64\debug\window.obj
e:\exercices prog\c++\simpleengine\simpleengine\x64\debug\vector2.obj
e:\exercices prog\c++\simpleengine\simpleengine\x64\debug\timer.obj
e:\exercices prog\c++\simpleengine\simpleengine\x64\debug\texture.obj
e:\exercices prog\c++\simpleengine\simpleengine\x64\debug\spritecomponent.obj
e:\exercices prog\c++\simpleengine\simpleengine\x64\debug\renderer.obj
e:\exercices prog\c++\simpleengine\simpleengine\x64\debug\rectangle.obj
e:\exercices prog\c++\simpleengine\simpleengine\x64\debug\random.obj
e:\exercices prog\c++\simpleengine\simpleengine\x64\debug\movecomponent.obj
e:\exercices prog\c++\simpleengine\simpleengine\x64\debug\main.obj
e:\exercices prog\c++\simpleengine\simpleengine\x64\debug\log.obj
e:\exercices prog\c++\simpleengine\simpleengine\x64\debug\game.obj
e:\exercices prog\c++\simpleengine\simpleengine\x64\debug\component.obj
e:\exercices prog\c++\simpleengine\simpleengine\x64\debug\assets.obj
e:\exercices prog\c++\simpleengine\simpleengine\x64\debug\actor.obj
e:\exercices prog\c++\simpleengine\simpleengine\x64\debug\rectanglecollisioncomponent.obj
e:\exercices prog\c++\simpleengine\simpleengine\x64\debug\obstacle.obj
e:\exercices prog\c++\simpleengine\simpleengine\x64\debug\circlecollisioncomponent.obj
e:\exercices prog\c++\simpleengine\simpleengine\x64\debug\twopointsmovecomponent.obj
e:\exercices prog\c++\simpleengine\x64\debug\simpleengine.exe
e:\exercices prog\c++\simpleengine\simpleengine\x64\debug\simpleengine.ilk
e:\exercices prog\c++\simpleengine\x64\debug\simpleengine.pdb
e:\exercices prog\c++\simpleengine\simpleengine\x64\debug\simpleengine.tlog\cl.command.1.tlog
e:\exercices prog\c++\simpleengine\simpleengine\x64\debug\simpleengine.tlog\cl.read.1.tlog
e:\exercices prog\c++\simpleengine\simpleengine\x64\debug\simpleengine.tlog\cl.write.1.tlog
e:\exercices prog\c++\simpleengine\simpleengine\x64\debug\simpleengine.tlog\link.command.1.tlog
e:\exercices prog\c++\simpleengine\simpleengine\x64\debug\simpleengine.tlog\link.read.1.tlog
e:\exercices prog\c++\simpleengine\simpleengine\x64\debug\simpleengine.tlog\link.write.1.tlog
